<?xml version="1.0" encoding="UTF-8"?>
<testsuite xmlns:xsi="http://www.w3.org/2001/XMLSchema-instance" xsi:noNamespaceSchemaLocation="https://maven.apache.org/surefire/maven-surefire-plugin/xsd/surefire-test-report.xsd" name="jsample.service.AppServiceTest" time="3.99" tests="7" errors="0" skipped="0" failures="0">
  <properties>
[...]
</properties>
  <testcase name="getAppsTest1" classname="jsample.service.AppServiceTest" time="0.027"/>
  <testcase name="deleteAppTest1" classname="jsample.service.AppServiceTest" time="0.007"/>
  <testcase name="deleteAppTest2" classname="jsample.service.AppServiceTest" time="0.004"/>
  <testcase name="addAppTest1" classname="jsample.service.AppServiceTest" time="0.005"/>
  <testcase name="updateAppTest1" classname="jsample.service.AppServiceTest" time="0.006"/>
  <testcase name="updateAppTest2" classname="jsample.service.AppServiceTest" time="0.006"/>
  <testcase name="updateAppTest3" classname="jsample.service.AppServiceTest" time="0.003"/>
</testsuite>